\BOOKMARK [0][-]{chapter.1}{\376\377\000\332\000v\000o\000d}{}% 1
\BOOKMARK [0][-]{chapter.2}{\376\377\000Z\000\341\000k\000l\000a\000d\000n\000\355\000\040\000p\000o\000j\000m\000y}{}% 2
\BOOKMARK [1][-]{section.2.1}{\376\377\000N\000e\000u\000r\000o\000n}{chapter.2}% 3
\BOOKMARK [2][-]{subsection.2.1.1}{\376\377\000J\000\341\000d\000r\000o}{section.2.1}% 4
\BOOKMARK [2][-]{subsection.2.1.2}{\376\377\000S\000y\000n\000a\000p\000s\000e}{section.2.1}% 5
\BOOKMARK [1][-]{section.2.2}{\376\377\000S\000\355\001\145}{chapter.2}% 6
\BOOKMARK [1][-]{section.2.3}{\376\377\000P\000o\000h\000y\000b\000\040\000d\000a\000t}{chapter.2}% 7
\BOOKMARK [2][-]{subsection.2.3.1}{\376\377\000V\000s\000t\000u\000p}{section.2.3}% 8
\BOOKMARK [2][-]{subsection.2.3.2}{\376\377\000V\000\375\000s\000t\000u\000p}{section.2.3}% 9
\BOOKMARK [0][-]{chapter.3}{\376\377\000V\000s\000t\000u\000p}{}% 10
\BOOKMARK [1][-]{section.3.1}{\376\377\000D\000e\000s\000i\000g\000n\000\040\000v\000s\000t\000u\000p\000n\000\355\000\040\000v\000r\000s\000t\000v\000y}{chapter.3}% 11
\BOOKMARK [2][-]{subsection.3.1.1}{\376\377\000V\000e\000l\000i\000k\000o\000s\000t\000\040\000v\000r\000s\000t\000v\000y}{section.3.1}% 12
\BOOKMARK [1][-]{section.3.2}{\376\377\000S\000c\000a\000l\000i\000n\000g}{chapter.3}% 13
\BOOKMARK [1][-]{section.3.3}{\376\377\000D\000a\000t\000a}{chapter.3}% 14
\BOOKMARK [2][-]{subsection.3.3.1}{\376\377\000T\000r\000\351\000n\000o\000v\000a\000c\000\355}{section.3.3}% 15
\BOOKMARK [2][-]{subsection.3.3.2}{\376\377\000T\000e\000s\000t\000o\000v\000a\000c\000\355}{section.3.3}% 16
\BOOKMARK [0][-]{chapter.4}{\376\377\000F\000o\000r\000w\000a\000r\000d\000-\000p\000r\000o\000p\000a\000g\000a\000t\000i\000o\000n}{}% 17
\BOOKMARK [1][-]{section.4.1}{\376\377\000T\000y\000p\000y\000\040\000s\000\355\000t\000\355}{chapter.4}% 18
\BOOKMARK [2][-]{subsection.4.1.1}{\376\377\000F\000e\000e\000d\000-\000f\000o\000r\000w\000a\000r\000d}{section.4.1}% 19
\BOOKMARK [2][-]{subsection.4.1.2}{\376\377\000D\000e\000e\000p\000\040\000l\000e\000a\000r\000n\000i\000n\000g}{section.4.1}% 20
\BOOKMARK [0][-]{chapter.5}{\376\377\000B\000a\000c\000k\000-\000p\000r\000o\000p\000a\000g\000a\000t\000i\000o\000n}{}% 21
\BOOKMARK [1][-]{section.5.1}{\376\377\000L\000o\000s\000s\000\040\000f\000u\000n\000c\000t\000i\000o\000n}{chapter.5}% 22
\BOOKMARK [0][-]{chapter.6}{\376\377\000P\000r\000a\000k\000t\000i\000c\000k\000\341\000\040\000p\000r\000\341\000c\000e\000\040\000s\000\040\000P\000C}{}% 23
\BOOKMARK [1][-]{section.6.1}{\376\377\000J\000a\000z\000y\000k}{chapter.6}% 24
\BOOKMARK [2][-]{subsection.6.1.1}{\376\377\000V\000\375\000v\000o\000j\000o\000v\000\351\000\040\000p\000r\000o\000s\000t\001\131\000e\000d\000\355}{section.6.1}% 25
\BOOKMARK [2][-]{subsection.6.1.2}{\376\377\000K\000n\000i\000h\000o\000v\000n\000y}{section.6.1}% 26
\BOOKMARK [1][-]{section.6.2}{\376\377\000G\000i\000t}{chapter.6}% 27
\BOOKMARK [0][-]{chapter.7}{\376\377\000Z\000\341\000v\001\033\000r}{}% 28
\BOOKMARK [0][-]{chapter*.21}{\376\377\000L\000i\000t\000e\000r\000a\000t\000u\000r\000a}{}% 29
\BOOKMARK [0][-]{chapter*.22}{\376\377\000P\001\131\000\355\000l\000o\000h\000y}{}% 30
